<?xml version="1.0" encoding="UTF-8"?>
<!-- Generated by org.testng.reporters.JUnitReportReporter -->
<testsuite hostname="DESKTOP-I0F3F42" failures="0" tests="1" name="com.eforu.testcases.LoginTest" time="8.312" errors="0" timestamp="27 May 2023 22:15:11 GMT" skipped="0">
  <testcase classname="com.eforu.testcases.LoginTest" name="loginUser" time="8.312"/>
</testsuite> <!-- com.eforu.testcases.LoginTest -->
